<?xml version="1.0" encoding="UTF-8"?>
<!-- Generated by org.testng.reporters.JUnitXMLReporter -->
<testsuite hostname="INDIA" name="Default test" tests="1" failures="1" timestamp="21 Aug 2019 15:54:59 GMT" time="7.687" errors="0">
  <testcase name="feature" time="1.368" classname="com.automation.utilities.TestRunner">
    <failure type="java.lang.NullPointerException">
      <![CDATA[java.lang.NullPointerException
	at com.automation.pages.FacebookPage.logintoFaceBook(FacebookPage.java:20)
	at com.automation.stepdef.FaceBookStep.open_facrbook_application_login_with_user_credentials(FaceBookStep.java:15)
	at ✽.open facebook application with "FbCredential" user credentials(src/main/resources/FeatureFile/FeatureFile.feature:5)
]]>
    </failure>
  </testcase> <!-- feature -->
</testsuite> <!-- Default test -->
