<?xml version="1.0" encoding="UTF-8"?>
<testng-results skipped="0" failed="1" total="1" passed="0">
  <reporter-output>
  </reporter-output>
  <suite name="Suite" duration-ms="35614" started-at="2019-08-21T18:10:05Z" finished-at="2019-08-21T18:10:40Z">
    <groups>
    </groups>
    <test name="Test" duration-ms="35614" started-at="2019-08-21T18:10:05Z" finished-at="2019-08-21T18:10:40Z">
      <class name="com.automation.utilities.TestRunner">
        <test-method status="PASS" signature="setUpClass()[pri:0, instance:com.automation.utilities.TestRunner@1e67b872]" name="setUpClass" is-config="true" duration-ms="6224" started-at="2019-08-21T23:40:05Z" finished-at="2019-08-21T23:40:11Z">
          <reporter-output>
          </reporter-output>
        </test-method> <!-- setUpClass -->
        <test-method status="FAIL" signature="feature(cucumber.api.testng.PickleEventWrapper, cucumber.api.testng.CucumberFeatureWrapper)[pri:0, instance:com.automation.utilities.TestRunner@1e67b872]" name="feature" duration-ms="29298" started-at="2019-08-21T23:40:11Z" data-provider="features" finished-at="2019-08-21T23:40:40Z">
          <params>
            <param index="0">
              <value>
                <![CDATA["login app with credentials"]]>
              </value>
            </param>
            <param index="1">
              <value>
                <![CDATA["sample testng project"]]>
              </value>
            </param>
          </params>
          <exception class="java.lang.IllegalMonitorStateException">
            <full-stacktrace>
              <![CDATA[java.lang.IllegalMonitorStateException
	at java.lang.Object.wait(Native Method)
	at java.lang.Object.wait(Object.java:502)
	at com.automation.pages.WalletHubTestReviewPage.verifyReviewComments(WalletHubTestReviewPage.java:80)
	at com.automation.stepdef.WalletHubTestReviewSteps.verifyReviewComments(WalletHubTestReviewSteps.java:32)
	at ✽.verify submitted review comments(src/main/resources/FeatureFile/FeatureFile.feature:8)
]]>
            </full-stacktrace>
          </exception> <!-- java.lang.IllegalMonitorStateException -->
          <reporter-output>
          </reporter-output>
        </test-method> <!-- feature -->
        <test-method status="PASS" signature="tearDownClass()[pri:0, instance:com.automation.utilities.TestRunner@1e67b872]" name="tearDownClass" is-config="true" duration-ms="7" started-at="2019-08-21T23:40:40Z" finished-at="2019-08-21T23:40:40Z">
          <reporter-output>
          </reporter-output>
        </test-method> <!-- tearDownClass -->
      </class> <!-- com.automation.utilities.TestRunner -->
    </test> <!-- Test -->
  </suite> <!-- Suite -->
</testng-results>
