<?xml version="1.0" encoding="UTF-8"?>
<!-- Generated by org.testng.reporters.JUnitReportReporter -->
<testsuite hostname="INDIA" name="com.automation.utilities.TestRunner" tests="1" failures="0" timestamp="21 Aug 2019 18:10:40 GMT" time="29.298" errors="1">
  <testcase name="feature" time="29.298" classname="com.automation.utilities.TestRunner">
    <error type="java.lang.IllegalMonitorStateException">
      <![CDATA[java.lang.IllegalMonitorStateException
	at java.lang.Object.wait(Native Method)
	at java.lang.Object.wait(Object.java:502)
	at com.automation.pages.WalletHubTestReviewPage.verifyReviewComments(WalletHubTestReviewPage.java:80)
	at com.automation.stepdef.WalletHubTestReviewSteps.verifyReviewComments(WalletHubTestReviewSteps.java:32)
	at ✽.verify submitted review comments(src/main/resources/FeatureFile/FeatureFile.feature:8)
]]>
    </error>
  </testcase> <!-- feature -->
</testsuite> <!-- com.automation.utilities.TestRunner -->
